[07-Feb-2024 14:27:18] NOTICE: fpm is running, pid 2810
[07-Feb-2024 14:27:18] NOTICE: ready to handle connections
[07-Feb-2024 14:33:51] NOTICE: Terminating ...
[07-Feb-2024 14:33:51] NOTICE: exiting, bye-bye!
[07-Feb-2024 14:35:22] NOTICE: fpm is running, pid 648
[07-Feb-2024 14:35:22] NOTICE: ready to handle connections
[07-Feb-2024 23:04:07] NOTICE: Terminating ...
[07-Feb-2024 23:04:07] NOTICE: Terminating ...
[07-Feb-2024 23:04:07] NOTICE: exiting, bye-bye!
[07-Feb-2024 23:29:23] NOTICE: fpm is running, pid 5008
[07-Feb-2024 23:29:23] NOTICE: ready to handle connections
[07-Feb-2024 23:55:47] NOTICE: Terminating ...
[07-Feb-2024 23:55:47] NOTICE: Terminating ...
[07-Feb-2024 23:55:47] NOTICE: exiting, bye-bye!
[08-Feb-2024 00:16:06] NOTICE: fpm is running, pid 5370
[08-Feb-2024 00:16:06] NOTICE: ready to handle connections
[08-Feb-2024 00:25:58] NOTICE: Terminating ...
[08-Feb-2024 00:25:58] NOTICE: Terminating ...
[08-Feb-2024 00:25:58] NOTICE: exiting, bye-bye!
[08-Feb-2024 06:31:12] NOTICE: fpm is running, pid 5759
[08-Feb-2024 06:31:12] NOTICE: ready to handle connections
[08-Feb-2024 06:41:44] NOTICE: Terminating ...
[08-Feb-2024 06:41:44] NOTICE: exiting, bye-bye!
[08-Feb-2024 07:47:25] NOTICE: fpm is running, pid 5912
[08-Feb-2024 07:47:25] NOTICE: ready to handle connections
[08-Feb-2024 17:53:14] NOTICE: Terminating ...
[08-Feb-2024 17:53:14] NOTICE: Terminating ...
[08-Feb-2024 17:53:14] NOTICE: exiting, bye-bye!
[25-Feb-2024 07:38:39] NOTICE: fpm is running, pid 31113
[25-Feb-2024 07:38:39] NOTICE: ready to handle connections
[25-Feb-2024 08:14:48] NOTICE: Terminating ...
[25-Feb-2024 08:14:48] NOTICE: Terminating ...
[25-Feb-2024 08:14:48] NOTICE: exiting, bye-bye!
[25-Feb-2024 19:26:51] NOTICE: fpm is running, pid 31925
[25-Feb-2024 19:26:51] NOTICE: ready to handle connections
[25-Feb-2024 21:53:06] NOTICE: Terminating ...
[25-Feb-2024 21:53:06] NOTICE: Terminating ...
[25-Feb-2024 21:53:07] NOTICE: exiting, bye-bye!
[16-Mar-2024 21:05:31] NOTICE: fpm is running, pid 1249
[16-Mar-2024 21:05:31] NOTICE: ready to handle connections
[17-Mar-2024 00:11:29] NOTICE: Terminating ...
[17-Mar-2024 00:11:29] NOTICE: Terminating ...
[17-Mar-2024 00:11:29] NOTICE: exiting, bye-bye!
[28-Mar-2024 07:46:29] NOTICE: fpm is running, pid 8193
[28-Mar-2024 07:46:29] NOTICE: ready to handle connections
[28-Mar-2024 09:10:44] NOTICE: Terminating ...
[28-Mar-2024 09:10:44] NOTICE: Terminating ...
[28-Mar-2024 09:10:44] NOTICE: exiting, bye-bye!
[28-Mar-2024 09:39:02] NOTICE: fpm is running, pid 8905
[28-Mar-2024 09:39:02] NOTICE: ready to handle connections
[28-Mar-2024 10:15:51] NOTICE: Terminating ...
[28-Mar-2024 10:15:51] NOTICE: Terminating ...
[28-Mar-2024 10:15:51] NOTICE: exiting, bye-bye!
